events: ns
summary: 2794296287

fn=energy.restock.regular._prepareExcludedTargets
1 449765

fn=energy.restock.regular.roomPrepare
1 1947529
cfn=energy.restock.regular._prepareExcludedTargets
calls=200 1
1 449765

fn=roomActor.roomControllersPrepare
1 5477924
cfn=energy.restock.regular.roomPrepare
calls=200 1
1 2397294
cfn=repair.roomPrepare
calls=200 1
1 1401477

fn=repair._prepareExcludedTargets
1 329429

fn=repair.roomPrepare
1 1072048
cfn=repair._prepareExcludedTargets
calls=200 1
1 329429

fn=roomActor.act
1 121355085
cfn=roomActor.roomControllersPrepare
calls=200 1
1 9276695
cfn=Room.find
calls=200 1
1 874060
cfn=safemode.work
calls=200 1
1 1657395
cfn=Room.roomDebug
calls=1421 1
1 2324058
cfn=tower.work
calls=200 1
1 5116670
cfn=spawn.work
calls=20 1
1 2055029
cfn=Creep.sumCarry
calls=2998 1
1 35411696
cfn=RoomPosition.findInRange
calls=4824 1
1 45809999
cfn=Creep.target
calls=2903 1
1 12226957
cfn=RoomPosition.inRangeTo
calls=2903 1
1 7323173
cfn=roomActor.roomControllersAct
calls=1530 1
1 294152176
cfn=roomActor.roomControllersObserveOwn
calls=2457 1
1 23032462
cfn=Creep.moveTo
calls=1640 1
1 775461529
cfn=roomActor.roomControllersObserveAll
calls=192 1
1 487445
cfn=roomActor.roomControllersControl
calls=192 1
1 1195498256
cfn=Creep.withdraw
calls=92 1
1 2204857
cfn=link.work
calls=20 1
1 8788545

fn=Room.find
1 35888903
cfn=Structure.isActive
calls=388 1
1 23893905

fn=safemode.debugHeader
1 434929

fn=safemode.work
1 1222466
cfn=safemode.debugHeader
calls=200 1
1 434929

fn=Room.roomDebug
1 4870514

fn=tower.debugHeader
1 343390

fn=tower.work
1 4773280
cfn=tower.debugHeader
calls=200 1
1 343390

fn=spawn.debugHeader
1 45250

fn=spawn.work
1 230571
cfn=spawn.debugHeader
calls=20 1
1 45250
cfn=spawn.workImpl
calls=20 1
1 1779208

fn=spawn.calculateCreepsNeeded
1 87921

fn=spawn.workImpl
1 705176
cfn=spawn.calculateCreepsNeeded
calls=20 1
1 87921
cfn=Room.find
calls=1 1
1 239355
cfn=spawn.doSpawn
calls=1 1
1 740509
cfn=spawn.debugLine
calls=1 1
1 6247

fn=Creep.sumCarry
1 41082430

fn=RoomPosition.findInRange
1 35366258
cfn=Room.find
calls=4945 1
1 11283377
cfn=RoomPosition.inRangeTo
calls=801 1
1 2109385

fn=Creep.target
1 12226957

fn=RoomPosition.inRangeTo
1 14134715

fn=energy.harvest.act
1 3330116
cfn=Creep.sumCarry
calls=372 1
1 1747285
cfn=Creep.harvest
calls=309 1
1 71297296

fn=RoomPosition.isNearTo
1 6333487

fn=Creep.harvest
1 75746645
cfn=RoomPosition.isNearTo
calls=332 1
1 1754325
cfn=RoomPosition.lookFor
calls=23 1
1 186957
cfn=Structure.isActive
calls=23 1
1 233912

fn=roomActor.roomControllersAct
1 10860528
cfn=energy.harvest.act
calls=372 1
1 76374697
cfn=mineral.harvest.act
calls=131 1
1 8871366
cfn=repair.act
calls=468 1
1 94748760
cfn=energy.restock.regular.act
calls=120 1
1 21291427
cfn=controller.act
calls=112 1
1 25072724
cfn=ttl.act
calls=126 1
1 26655582
cfn=energy.restock.specialist.act
calls=119 1
1 18295209
cfn=energy.take.act
calls=78 1
1 11284138
cfn=mineral.restock.act
calls=4 1
1 697745

fn=roomActor.roomControllersObserveOwn
1 13822250
cfn=energy.restock.regular.observeMyCreep
calls=543 1
1 4515404
cfn=repair.observeMyCreep
calls=583 1
1 4694808

fn=mineral.harvest.act
1 1331184
cfn=Creep.sumCarry
calls=131 1
1 551893
cfn=RoomPosition.lookFor
calls=23 1
1 363746
cfn=Creep.harvest
calls=23 1
1 6624543

fn=Creep.moveTo
1 64483819
cfn=RoomPosition.findPathTo
calls=287 1
1 422720848
cfn=Creep.move
calls=287 1
1 61090395
cfn=Creep.moveByPath
calls=1044 1
1 227162845
cfn=RoomPosition.isNearTo
calls=1 1
1 3622

fn=RoomPosition.isEqualTo
1 1857223

fn=Room.findPath
1 434058041
cfn=RoomPosition.isEqualTo
calls=415 1
1 837411
cfn=CostMatrix.set
calls=69665 1
1 102718892
cfn=CostMatrix.get
calls=16130 1
1 23584811

fn=CostMatrix.set
1 113290990

fn=CostMatrix.get
1 27045888

fn=RoomPosition.findPathTo
1 4702940
cfn=Room.findPath
calls=287 1
1 418017908

fn=Creep.move
1 279350599

fn=energy.restock.regular._excludeTarget
1 1535441

fn=energy.restock.regular.observeMyCreep
1 2979963
cfn=energy.restock.regular._excludeTarget
calls=543 1
1 1535441

fn=Creep.moveByPath
1 8902641
cfn=Creep.move
calls=1044 1
1 218260204

fn=Creep.repair
1 89438085
cfn=RoomPosition.inRangeTo
calls=417 1
1 909615

fn=repair.act
1 4401060
cfn=Creep.repair
calls=425 1
1 90347700

fn=repair._excludeTarget
1 1644516

fn=repair.observeMyCreep
1 3050292
cfn=repair._excludeTarget
calls=583 1
1 1644516

fn=Creep.transfer
1 38073127
cfn=RoomPosition.isNearTo
calls=247 1
1 2307566

fn=energy.restock.regular.act
1 703657
cfn=Creep.transfer
calls=120 1
1 20587770

fn=roomActor.roomControllersObserveAll
1 487445

fn=redalert.debugHeader
1 443848

fn=redalert.control
1 2632304
cfn=redalert.debugHeader
calls=192 1
1 443848
cfn=redalert._findStaticTargets
calls=192 1
1 4670011
cfn=redalert.debugLine
calls=192 1
1 333141

fn=redalert.staticTargets
1 3390195

fn=redalert._findStaticTargets
1 1279816
cfn=redalert.staticTargets
calls=192 1
1 3390195

fn=redalert.debugLine
1 333141

fn=roomActor.roomControllersControl
1 11406809
cfn=redalert.control
calls=192 1
1 8079304
cfn=Room.roomDebug
calls=1416 1
1 2546456
cfn=ttl.control
calls=192 1
1 43355622
cfn=energy.take.control
calls=192 1
1 95162614
cfn=energy.harvest.control
calls=188 1
1 115620181
cfn=energy.restock.regular.control
calls=173 1
1 801450977
cfn=energy.restock.specialist.control
calls=134 1
1 37224956
cfn=repair.control
calls=74 1
1 58934757
cfn=build.control
calls=68 1
1 1199734
cfn=controller.control
calls=68 1
1 1124019
cfn=mineral.harvest.control
calls=68 1
1 11887581
cfn=mineral.restock.control
calls=67 1
1 7505246

fn=ttl.debugHeader
1 330482

fn=ttl.control
1 5603305
cfn=ttl.debugHeader
calls=192 1
1 330482
cfn=ttl._findStaticTargets
calls=192 1
1 22921355
cfn=ttl.filterCreep
calls=458 1
1 2775763
cfn=ttl.debugLine
calls=190 1
1 303698
cfn=ttl.assignCreeps
calls=2 1
1 11421019

fn=Structure.isActive
1 529333624

fn=ttl.staticTargets
1 1077484
cfn=Room.find
calls=192 1
1 20789436

fn=ttl._findStaticTargets
1 1061653
cfn=ttl.staticTargets
calls=192 1
1 21866920

fn=ttl.filterCreep
1 2775763

fn=ttl.debugLine
1 311908

fn=energy.take.debugHeader
1 317025

fn=energy.take.control
1 4031110
cfn=energy.take.debugHeader
calls=192 1
1 317025
cfn=energy.take.filterCreep
calls=539 1
1 4228284
cfn=energy.take.debugLine
calls=122 1
1 256007
cfn=energy.take.assignCreeps
calls=70 1
1 86330188

fn=energy.take.filterCreep
1 2890056
cfn=Creep.sumCarry
calls=254 1
1 1338228

fn=energy.take.debugLine
1 501470

fn=energy.harvest.debugHeader
1 316472

fn=energy.harvest.control
1 5034369
cfn=energy.harvest.debugHeader
calls=188 1
1 316472
cfn=energy.harvest._findStaticTargets
calls=188 1
1 2623937
cfn=energy.harvest.filterCreep
calls=459 1
1 5174892
cfn=energy.harvest.debugLine
calls=64 1
1 92824
cfn=energy.harvest.assignCreeps
calls=124 1
1 102377687

fn=energy.harvest.staticTargets
1 978595
cfn=Room.find
calls=188 1
1 589440

fn=energy.harvest._findStaticTargets
1 1297620
cfn=energy.harvest.staticTargets
calls=188 1
1 1568035

fn=energy.harvest.filterCreep
1 3202654
cfn=Creep.sumCarry
calls=453 1
1 1972238

fn=energy.harvest.debugLine
1 588984

fn=energy.restock.regular.debugHeader
1 311174

fn=energy.restock.regular.control
1 8304105
cfn=energy.restock.regular.debugHeader
calls=173 1
1 311174
cfn=Room._isDefaultFiltered
calls=173 1
1 333755
cfn=energy.restock.regular.filterCreep
calls=365 1
1 4412066
cfn=energy.restock.regular.assignCreeps
calls=121 1
1 787608910
cfn=Room._markDefaultFiltered
calls=132 1
1 277583
cfn=energy.restock.regular.debugLine
calls=132 1
1 203384

fn=Room._isDefaultFiltered
1 690298

fn=Creep.hasEnergy
1 986292

fn=energy.restock.regular._defaultFilter
1 2158141
cfn=Creep.hasEnergy
calls=174 1
1 356955

fn=energy.restock.regular.filterCreep
1 1896970
cfn=energy.restock.regular._defaultFilter
calls=365 1
1 2515096

fn=Creep.caveIndex
1 2398767

fn=energy.restock.regular._lookAroundCreep
1 8361214
cfn=Creep.caveIndex
calls=174 1
1 1402746
cfn=energy.restock.regular._lookInCave
calls=1660 1
1 723538583

fn=Room.lookForAtArea
1 116576873

fn=energy.restock.regular._lookInCave
1 118004504
cfn=Room.lookForAtArea
calls=1271 1
1 102781045
cfn=Structure.isActive
calls=9025 1
1 500515475
cfn=energy.restock.regular._filterExcludedTargets
calls=664 1
1 2237559

fn=energy.restock.regular._filterExcludedTargets
1 2237559

fn=energy.restock.regular.dynamicTargets
1 1031248
cfn=energy.restock.regular._lookAroundCreep
calls=174 1
1 733302543

fn=energy.restock.regular._findTargetsForCreep
1 1318579
cfn=energy.restock.regular.dynamicTargets
calls=174 1
1 734333791

fn=energy.restock.regular.assignCreeps
1 6110645
cfn=energy.restock.regular._findTargetsForCreep
calls=174 1
1 735652370
cfn=RoomPosition.inRangeTo
calls=174 1
1 595288
cfn=energy.restock.regular.debugLine
calls=242 1
1 472509
cfn=Room.findPath
calls=55 1
1 44778098

fn=energy.restock.regular.debugLine
1 675893

fn=Room._markDefaultFiltered
1 356695

fn=(tick)
1 98239147
cfn=roomActor.act
calls=200 1
1 2543056087
cfn=Room.find
calls=600 1
1 4081512
cfn=RoomPosition.getRangeTo
calls=500 1
1 2010478
cfn=RoomPosition.findClosestByRange
calls=500 1
1 2166210
cfn=RoomPosition.inRangeTo
calls=500 1
1 1952016
cfn=Creep.healClosest
calls=500 1
1 3915527
cfn=Flag.getValue
calls=336 1
1 673243
cfn=Flag.setSecondaryColor
calls=336 1
1 138202067

fn=Creep.upgradeController
1 24181489
cfn=RoomPosition.inRangeTo
calls=107 1
1 271378

fn=controller.act
1 619857
cfn=Creep.upgradeController
calls=112 1
1 24452867

fn=ttl.act
1 4766044
cfn=Creep.transfer
calls=6 1
1 1726094
cfn=StructureSpawn.renewCreep
calls=94 1
1 19536738
cfn=StructureSpawn.Spawning
calls=32 1
1 626706

fn=StructureSpawn.renewCreep
1 19127235
cfn=RoomPosition.isNearTo
calls=94 1
1 409503

fn=energy.restock.specialist.act
1 772683
cfn=Creep.transfer
calls=119 1
1 17522526

fn=energy.harvest._findTargetsForCreep
1 883954
cfn=energy.harvest._findStaticTargets
calls=158 1
1 241718

fn=energy.harvest.assignCreeps
1 3484810
cfn=energy.harvest._findTargetsForCreep
calls=158 1
1 1125672
cfn=RoomPosition.findClosestByPath
calls=158 1
1 97271045
cfn=energy.harvest.debugLine
calls=248 1
1 496160

fn=RoomPosition.findClosestByPath
1 81047084
cfn=RoomPosition.isEqualTo
calls=215 1
1 1019812
cfn=RoomPosition.isNearTo
calls=215 1
1 1170974
cfn=CostMatrix.set
calls=6516 1
1 10572098
cfn=CostMatrix.get
calls=2163 1
1 3461077

fn=RoomPosition.getRangeTo
1 2741875

fn=RoomPosition.findClosestByRange
1 3612095

fn=Creep.healClosest
1 2469642
cfn=RoomPosition.findClosestByRange
calls=500 1
1 1445885

fn=Flag.getValue
1 673243

fn=Flag.setColor
1 136423855

fn=Flag.setSecondaryColor
1 1778212
cfn=Flag.setColor
calls=336 1
1 136423855

fn=energy.take.dynamicTargets
1 18322002
cfn=Room.find
calls=80 1
1 6207184
cfn=RoomPosition.getRangeTo
calls=116 1
1 731397

fn=energy.take._findTargetsForCreep
1 667295
cfn=energy.take.dynamicTargets
calls=80 1
1 25260583

fn=energy.take.assignCreeps
1 3142177
cfn=energy.take._findTargetsForCreep
calls=80 1
1 25927878
cfn=RoomPosition.inRangeTo
calls=121 1
1 332716
cfn=Room.findPath
calls=41 1
1 56681954
cfn=energy.take.debugLine
calls=140 1
1 245463

fn=energy.restock.specialist.debugHeader
1 265410

fn=energy.restock.specialist.control
1 2393695
cfn=energy.restock.specialist.debugHeader
calls=134 1
1 265410
cfn=energy.restock.specialist.filterCreep
calls=246 1
1 2442157
cfn=energy.restock.specialist.assignCreeps
calls=103 1
1 32073312
cfn=energy.restock.specialist.debugLine
calls=31 1
1 50382

fn=energy.restock.specialist.filterCreep
1 1988804
cfn=Creep.hasEnergy
calls=185 1
1 453353

fn=energy.restock.specialist._lookAroundCreep
1 1742677
cfn=Creep.caveIndex
calls=121 1
1 861212
cfn=energy.restock.specialist._lookInCave
calls=121 1
1 23465243

fn=energy.restock.specialist._lookInCave
1 9420637
cfn=Room.lookForAtArea
calls=117 1
1 6992778
cfn=Structure.isActive
calls=67 1
1 4690332
cfn=StructureLink.isSource
calls=67 1
1 2361496

fn=StructureLink.isSource
1 1077136
cfn=RoomPosition.findInRange
calls=121 1
1 2949021

fn=energy.restock.specialist.dynamicTargets
1 734956
cfn=energy.restock.specialist._lookAroundCreep
calls=121 1
1 26069132

fn=energy.restock.specialist._findTargetsForCreep
1 823505
cfn=energy.restock.specialist.dynamicTargets
calls=121 1
1 26804088

fn=energy.restock.specialist.assignCreeps
1 3754874
cfn=energy.restock.specialist._findTargetsForCreep
calls=121 1
1 27627593
cfn=RoomPosition.inRangeTo
calls=121 1
1 336982
cfn=energy.restock.specialist.debugLine
calls=206 1
1 353863

fn=energy.restock.specialist.debugLine
1 404245

fn=StructureSpawn.spawnCreep
1 445041

fn=spawn.doSpawn
1 295468
cfn=StructureSpawn.spawnCreep
calls=2 1
1 445041

fn=spawn.debugLine
1 6247

fn=Creep.withdraw
1 12303719
cfn=RoomPosition.isNearTo
calls=138 1
1 687497

fn=Room.lookForAt
1 295705

fn=RoomPosition.lookFor
1 254998
cfn=Room.lookForAt
calls=46 1
1 295705

fn=StructureSpawn.Spawning
1 626706

fn=repair.debugHeader
1 144384

fn=repair.control
1 1691727
cfn=repair.debugHeader
calls=74 1
1 144384
cfn=Room._isDefaultFiltered
calls=74 1
1 137860
cfn=repair.filterCreep
calls=91 1
1 1210147
cfn=repair.assignCreeps
calls=41 1
1 55560887
cfn=Room._markDefaultFiltered
calls=41 1
1 79112
cfn=repair.debugLine
calls=74 1
1 110640

fn=repair._defaultFilter
1 556441
cfn=Creep.hasEnergy
calls=55 1
1 175984

fn=repair.filterCreep
1 477722
cfn=repair._defaultFilter
calls=91 1
1 732425

fn=repair._lookAroundCreep
1 1021068
cfn=Creep.caveIndex
calls=55 1
1 134809
cfn=repair._lookInCave
calls=128 1
1 22933558

fn=repair._lookInCave
1 15396687
cfn=Room.lookForAtArea
calls=121 1
1 6803050
cfn=repair._filterExcludedTargets
calls=112 1
1 733821

fn=repair.dynamicTargets
1 571710
cfn=repair._lookAroundCreep
calls=55 1
1 24089435

fn=repair._findTargetsForCreep
1 381223
cfn=repair.dynamicTargets
calls=55 1
1 24661145

fn=repair.assignCreeps
1 3735966
cfn=repair._findTargetsForCreep
calls=55 1
1 25042368
cfn=RoomPosition.inRangeTo
calls=81 1
1 259184
cfn=repair.extra
calls=55 1
1 156531
cfn=repair.debugLine
calls=82 1
1 130142
cfn=Room.findPath
calls=26 1
1 26236696

fn=repair.extra
1 156531

fn=repair.debugLine
1 240782

fn=build.debugHeader
1 113639

fn=build.control
1 857883
cfn=build.debugHeader
calls=68 1
1 113639
cfn=Room._isDefaultFiltered
calls=68 1
1 114792
cfn=build.debugLine
calls=68 1
1 113420

fn=build.debugLine
1 113420

fn=controller.debugHeader
1 105742

fn=controller.control
1 806048
cfn=controller.debugHeader
calls=68 1
1 105742
cfn=Room._isDefaultFiltered
calls=68 1
1 103891
cfn=controller.debugLine
calls=68 1
1 108338

fn=controller.debugLine
1 108338

fn=mineral.harvest.debugHeader
1 107755

fn=mineral.harvest.control
1 1231279
cfn=mineral.harvest.debugHeader
calls=68 1
1 107755
cfn=mineral.harvest._findStaticTargets
calls=68 1
1 6293848
cfn=mineral.harvest.filterCreep
calls=70 1
1 451752
cfn=mineral.harvest.debugLine
calls=66 1
1 98509
cfn=mineral.harvest.assignCreeps
calls=2 1
1 3704438

fn=mineral.harvest.staticTargets
1 489990
cfn=Room.find
calls=68 1
1 5403755

fn=mineral.harvest._findStaticTargets
1 404271
cfn=mineral.harvest.staticTargets
calls=68 1
1 5893745

fn=mineral.harvest.filterCreep
1 405363
cfn=Creep.sumCarry
calls=6 1
1 46389

fn=mineral.harvest.debugLine
1 117573

fn=mineral.restock.debugHeader
1 113152

fn=mineral.restock.control
1 1193183
cfn=mineral.restock.debugHeader
calls=67 1
1 113152
cfn=mineral.restock._findStaticTargets
calls=67 1
1 4771462
cfn=mineral.restock.filterCreep
calls=68 1
1 327558
cfn=mineral.restock.debugLine
calls=63 1
1 95566
cfn=mineral.restock.assignCreeps
calls=4 1
1 1004325

fn=mineral.restock.staticTargets
1 416117
cfn=Room.find
calls=67 1
1 3983052

fn=mineral.restock._findStaticTargets
1 377479
cfn=mineral.restock.staticTargets
calls=67 1
1 4399169

fn=mineral.restock.filterCreep
1 312857
cfn=Creep.sumCarry
calls=4 1
1 14701

fn=mineral.restock.debugLine
1 106363

fn=link.debugHeader
1 32836

fn=link.work
1 759411
cfn=link.debugHeader
calls=20 1
1 32836
cfn=Room.find
calls=20 1
1 6331637
cfn=StructureLink.isSource
calls=60 1
1 1664661

fn=energy.take.act
1 497779
cfn=Creep.withdraw
calls=78 1
1 10786359

fn=repair._filterExcludedTargets
1 733821

fn=ttl.enough
1 113753
cfn=ttl._findStaticTargets
calls=2 1
1 3976

fn=ttl.assignCreeps
1 118057
cfn=ttl.enough
calls=2 1
1 117729
cfn=ttl._findTargetsForCreep
calls=2 1
1 17555
cfn=RoomPosition.inRangeTo
calls=4 1
1 16393
cfn=Room.findPath
calls=2 1
1 11143075
cfn=ttl.debugLine
calls=4 1
1 8210

fn=ttl._findTargetsForCreep
1 14313
cfn=ttl._findStaticTargets
calls=2 1
1 3242

fn=mineral.restock._findTargetsForCreep
1 22174
cfn=mineral.restock._findStaticTargets
calls=4 1
1 5186

fn=mineral.restock.assignCreeps
1 122549
cfn=mineral.restock._findTargetsForCreep
calls=4 1
1 27360
cfn=RoomPosition.inRangeTo
calls=6 1
1 15458
cfn=Room.findPath
calls=2 1
1 828161
cfn=mineral.restock.debugLine
calls=8 1
1 10797

fn=mineral.restock.act
1 153442
cfn=Creep.transfer
calls=2 1
1 544303

fn=mineral.harvest._findTargetsForCreep
1 23508
cfn=mineral.harvest._findStaticTargets
calls=2 1
1 4168

fn=mineral.harvest.assignCreeps
1 131308
cfn=mineral.harvest._findTargetsForCreep
calls=2 1
1 27676
cfn=RoomPosition.inRangeTo
calls=4 1
1 13127
cfn=Room.findPath
calls=2 1
1 3513263
cfn=mineral.harvest.debugLine
calls=4 1
1 19064

fn=(root)
1 0
cfn=(tick)
calls=106 1
1 2794296287
